<?xml version="1.0" encoding="UTF-8"?>
<!-- Generated by org.testng.reporters.JUnitXMLReporter -->
<testsuite ignored="1" hostname="Balaji" failures="0" tests="2" name="Default test" time="187.5" errors="0" timestamp="2022-11-11T17:05:59 IST">
  <testcase classname="com.johndeere.test.LoginTest" name="validLoginTest" time="133.205"/>
  <testcase classname="com.johndeere.test.LoginTest" name="validLoginTest" time="9.391"/>
  <testcase classname="com.johndeere.test.LoginTest" name="invalidLoginTest" time="0.0">
    <ignored/>
  </testcase> <!-- invalidLoginTest -->
</testsuite> <!-- Default test -->
