<?xml version="1.0" encoding="UTF-8"?>
<testng-results ignored="1" total="4" passed="3" failed="0" skipped="0">
  <reporter-output>
  </reporter-output>
  <suite started-at="2022-11-10T14:40:56 IST" name="Orange HRM Suite" finished-at="2022-11-10T14:42:48 IST" duration-ms="112490">
    <groups>
      <group name="invalid">
        <method signature="LoginTest.invalidLoginTest(java.lang.String,java.lang.String,java.lang.String)[pri:0, instance:com.johndeere.test.LoginTest@771a660]" name="invalidLoginTest" class="com.johndeere.test.LoginTest"/>
      </group> <!-- invalid -->
      <group name="login">
        <method signature="LoginTest.invalidLoginTest(java.lang.String,java.lang.String,java.lang.String)[pri:0, instance:com.johndeere.test.LoginTest@771a660]" name="invalidLoginTest" class="com.johndeere.test.LoginTest"/>
      </group> <!-- login -->
    </groups>
    <test started-at="2022-11-10T14:40:56 IST" name="Login Test Edge" finished-at="2022-11-10T14:42:48 IST" duration-ms="112490">
      <class name="com.johndeere.test.LoginTest">
        <test-method is-config="true" signature="init()[pri:0, instance:com.johndeere.test.LoginTest@771a660]" started-at="2022-11-10T14:40:55 IST" name="init" finished-at="2022-11-10T14:40:56 IST" duration-ms="468" status="PASS">
          <reporter-output>
          </reporter-output>
        </test-method> <!-- init -->
        <test-method is-config="true" signature="setup(java.lang.String,java.lang.reflect.Method)[pri:0, instance:com.johndeere.test.LoginTest@771a660]" started-at="2022-11-10T14:40:57 IST" name="setup" finished-at="2022-11-10T14:41:10 IST" duration-ms="13177" status="PASS">
          <params>
            <param index="0">
              <value>
                <![CDATA[edge]]>
              </value>
            </param>
            <param index="1">
              <value>
                <![CDATA[public void com.johndeere.test.LoginTest.invalidLoginTest(java.lang.String,java.lang.String,java.lang.String)]]>
              </value>
            </param>
          </params>
          <reporter-output>
          </reporter-output>
        </test-method> <!-- setup -->
        <test-method signature="invalidLoginTest(java.lang.String,java.lang.String,java.lang.String)[pri:0, instance:com.johndeere.test.LoginTest@771a660]" started-at="2022-11-10T14:41:10 IST" name="invalidLoginTest" data-provider="commonDataProvider" finished-at="2022-11-10T14:41:13 IST" duration-ms="2383" status="PASS">
          <params>
            <param index="0">
              <value>
                <![CDATA[kim]]>
              </value>
            </param>
            <param index="1">
              <value>
                <![CDATA[kim2233]]>
              </value>
            </param>
            <param index="2">
              <value>
                <![CDATA[Invalid credentials]]>
              </value>
            </param>
          </params>
          <reporter-output>
          </reporter-output>
        </test-method> <!-- invalidLoginTest -->
        <test-method is-config="true" signature="teardown(org.testng.ITestResult)[pri:0, instance:com.johndeere.test.LoginTest@771a660]" started-at="2022-11-10T14:41:13 IST" name="teardown" finished-at="2022-11-10T14:41:13 IST" duration-ms="442" status="PASS">
          <params>
            <param index="0">
              <value>
                <![CDATA[[TestResult name=invalidLoginTest status=SUCCESS method=LoginTest.invalidLoginTest(java.lang.String,java.lang.String,java.lang.String)[pri:0, instance:com.johndeere.test.LoginTest@771a660] output={null}]]]>
              </value>
            </param>
          </params>
          <reporter-output>
          </reporter-output>
        </test-method> <!-- teardown -->
        <test-method is-config="true" signature="setup(java.lang.String,java.lang.reflect.Method)[pri:0, instance:com.johndeere.test.LoginTest@771a660]" started-at="2022-11-10T14:41:13 IST" name="setup" finished-at="2022-11-10T14:42:15 IST" duration-ms="61357" status="PASS">
          <params>
            <param index="0">
              <value>
                <![CDATA[edge]]>
              </value>
            </param>
            <param index="1">
              <value>
                <![CDATA[public void com.johndeere.test.LoginTest.invalidLoginTest(java.lang.String,java.lang.String,java.lang.String)]]>
              </value>
            </param>
          </params>
          <reporter-output>
          </reporter-output>
        </test-method> <!-- setup -->
        <test-method signature="invalidLoginTest(java.lang.String,java.lang.String,java.lang.String)[pri:0, instance:com.johndeere.test.LoginTest@771a660]" started-at="2022-11-10T14:42:15 IST" name="invalidLoginTest" data-provider="commonDataProvider" finished-at="2022-11-10T14:42:23 IST" duration-ms="8426" status="PASS">
          <params>
            <param index="0">
              <value>
                <![CDATA[paul]]>
              </value>
            </param>
            <param index="1">
              <value>
                <![CDATA[paul123]]>
              </value>
            </param>
            <param index="2">
              <value>
                <![CDATA[Invalid credentials]]>
              </value>
            </param>
          </params>
          <reporter-output>
          </reporter-output>
        </test-method> <!-- invalidLoginTest -->
        <test-method is-config="true" signature="teardown(org.testng.ITestResult)[pri:0, instance:com.johndeere.test.LoginTest@771a660]" started-at="2022-11-10T14:42:23 IST" name="teardown" finished-at="2022-11-10T14:42:23 IST" duration-ms="368" status="PASS">
          <params>
            <param index="0">
              <value>
                <![CDATA[[TestResult name=invalidLoginTest status=SUCCESS method=LoginTest.invalidLoginTest(java.lang.String,java.lang.String,java.lang.String)[pri:0, instance:com.johndeere.test.LoginTest@771a660] output={null}]]]>
              </value>
            </param>
          </params>
          <reporter-output>
          </reporter-output>
        </test-method> <!-- teardown -->
        <test-method is-config="true" signature="setup(java.lang.String,java.lang.reflect.Method)[pri:0, instance:com.johndeere.test.LoginTest@771a660]" started-at="2022-11-10T14:42:23 IST" name="setup" finished-at="2022-11-10T14:42:44 IST" duration-ms="20395" status="PASS">
          <params>
            <param index="0">
              <value>
                <![CDATA[edge]]>
              </value>
            </param>
            <param index="1">
              <value>
                <![CDATA[public void com.johndeere.test.LoginTest.invalidLoginTest(java.lang.String,java.lang.String,java.lang.String)]]>
              </value>
            </param>
          </params>
          <reporter-output>
          </reporter-output>
        </test-method> <!-- setup -->
        <test-method signature="invalidLoginTest(java.lang.String,java.lang.String,java.lang.String)[pri:0, instance:com.johndeere.test.LoginTest@771a660]" started-at="2022-11-10T14:42:44 IST" name="invalidLoginTest" data-provider="commonDataProvider" finished-at="2022-11-10T14:42:48 IST" duration-ms="4397" status="PASS">
          <params>
            <param index="0">
              <value>
                <![CDATA[kkk]]>
              </value>
            </param>
            <param index="1">
              <value>
                <![CDATA[kkkkk2233]]>
              </value>
            </param>
            <param index="2">
              <value>
                <![CDATA[Invalid credentials]]>
              </value>
            </param>
          </params>
          <reporter-output>
          </reporter-output>
        </test-method> <!-- invalidLoginTest -->
        <test-method is-config="true" signature="teardown(org.testng.ITestResult)[pri:0, instance:com.johndeere.test.LoginTest@771a660]" started-at="2022-11-10T14:42:48 IST" name="teardown" finished-at="2022-11-10T14:42:48 IST" duration-ms="337" status="PASS">
          <params>
            <param index="0">
              <value>
                <![CDATA[[TestResult name=invalidLoginTest status=SUCCESS method=LoginTest.invalidLoginTest(java.lang.String,java.lang.String,java.lang.String)[pri:0, instance:com.johndeere.test.LoginTest@771a660] output={null}]]]>
              </value>
            </param>
          </params>
          <reporter-output>
          </reporter-output>
        </test-method> <!-- teardown -->
        <test-method is-config="true" signature="end()[pri:0, instance:com.johndeere.test.LoginTest@771a660]" started-at="2022-11-10T14:42:48 IST" name="end" finished-at="2022-11-10T14:42:49 IST" duration-ms="434" status="PASS">
          <reporter-output>
          </reporter-output>
        </test-method> <!-- end -->
      </class> <!-- com.johndeere.test.LoginTest -->
    </test> <!-- Login Test Edge -->
  </suite> <!-- Orange HRM Suite -->
</testng-results>
