<?xml version="1.0" encoding="UTF-8"?>
<!-- Generated by org.testng.reporters.JUnitXMLReporter -->
<testsuite ignored="1" hostname="Balaji" failures="0" tests="3" name="Login Test Edge" time="112.49" errors="0" timestamp="2022-11-10T14:42:48 IST">
  <testcase classname="com.johndeere.test.LoginTest" name="invalidLoginTest" time="2.383"/>
  <testcase classname="com.johndeere.test.LoginTest" name="invalidLoginTest" time="8.426"/>
  <testcase classname="com.johndeere.test.LoginTest" name="invalidLoginTest" time="4.397"/>
  <testcase classname="com.johndeere.test.LoginTest" name="validLoginTest" time="0.0">
    <ignored/>
  </testcase> <!-- validLoginTest -->
</testsuite> <!-- Login Test Edge -->
